<?xml version="1.0" encoding="UTF-8"?>
<!-- Generated by org.testng.reporters.JUnitReportReporter -->
<testsuite hostname="DESKTOP-2R1P9IO" failures="0" tests="1" name="com.Udemy.base.Base" time="38.956" errors="0" timestamp="14 Dec 2021 12:17:58 GMT" skipped="0">
  <testcase classname="com.Udemy.base.Base" name="intialization" time="38.956"/>
</testsuite> <!-- com.Udemy.base.Base -->
