<?xml version="1.0" encoding="UTF-8"?>
<!-- Generated by org.testng.reporters.JUnitReportReporter -->
<testsuite hostname="DESKTOP-2R1P9IO" failures="0" tests="2" name="com.Udemy.EETest.HomePageTest" time="49.762" errors="0" timestamp="17 Dec 2021 00:58:34 GMT" skipped="0">
  <testcase classname="com.Udemy.EETest.HomePageTest" name="verifyDashboardBackgroundTest" time="29.109"/>
  <testcase classname="com.Udemy.EETest.HomePageTest" name="verifyUsernameTest" time="20.653"/>
</testsuite> <!-- com.Udemy.EETest.HomePageTest -->
